<?xml version="1.0" encoding="UTF-8"?>
<!-- Generated by org.testng.reporters.JUnitXMLReporter -->
<testsuite ignored="0" hostname="LAPTOP-V3HNGHT2" failures="1" tests="4" name="Test" time="9.145" errors="0" timestamp="2022-08-19T15:56:10 IST">
  <testcase classname="SauceDemo.TestClasses.TC01VerifyLoginClass" name="verifyLogin" time="0.02"/>
  <testcase classname="SauceDemo.TestClasses.TC02VerifyLogoutClass" name="verifyLogout" time="0.408"/>
  <testcase classname="SauceDemo.TestClasses.TC03VerifyBagProduct" name="VerifyBagProduct" time="0.262"/>
  <testcase classname="SauceDemo.TestClasses.TC04VerifyMultipleProducts" name="VerifyMultipleProducts" time="0.287">
    <failure type="java.lang.IndexOutOfBoundsException" message="Index 3 out of bounds for length 3">
      <![CDATA[java.lang.IndexOutOfBoundsException: Index 3 out of bounds for length 3
at java.base/jdk.internal.util.Preconditions.outOfBounds(Preconditions.java:64)
at java.base/jdk.internal.util.Preconditions.outOfBoundsCheckIndex(Preconditions.java:70)
at java.base/jdk.internal.util.Preconditions.checkIndex(Preconditions.java:266)
at java.base/java.util.Objects.checkIndex(Objects.java:359)
at java.base/java.util.ArrayList.get(ArrayList.java:427)
at org.openqa.selenium.support.pagefactory.internal.LocatingElementListHandler.invoke(LocatingElementListHandler.java:39)
at jdk.proxy2/jdk.proxy2.$Proxy14.get(Unknown Source)
at SauceDemo.POMClass.HomePOMClasss.clickAllProducts(HomePOMClasss.java:78)
at SauceDemo.TestClasses.TC04VerifyMultipleProducts.VerifyMultipleProducts(TC04VerifyMultipleProducts.java:17)
at java.base/java.util.ArrayList.forEach(ArrayList.java:1511)
... Removed 31 stack frames]]>
    </failure>
  </testcase> <!-- VerifyMultipleProducts -->
</testsuite> <!-- Test -->
