<?xml version="1.0" encoding="UTF-8"?>
<testng-results ignored="0" total="4" passed="3" failed="1" skipped="0">
  <reporter-output>
  </reporter-output>
  <suite started-at="2022-08-19T15:56:01 IST" name="Suite" finished-at="2022-08-19T15:56:10 IST" duration-ms="9145">
    <groups>
    </groups>
    <test started-at="2022-08-19T15:56:01 IST" name="Test" finished-at="2022-08-19T15:56:10 IST" duration-ms="9145">
      <class name="SauceDemo.TestClasses.TC04VerifyMultipleProducts">
        <test-method is-config="true" signature="SetUp(java.lang.String)[pri:0, instance:SauceDemo.TestClasses.TC04VerifyMultipleProducts@6da21078]" started-at="2022-08-19T15:56:08 IST" name="SetUp" finished-at="2022-08-19T15:56:10 IST" duration-ms="1774" status="PASS">
          <params>
            <param index="0">
              <value>
                <![CDATA[chrome]]>
              </value>
            </param>
          </params>
          <reporter-output>
          </reporter-output>
        </test-method> <!-- SetUp -->
        <test-method signature="VerifyMultipleProducts()[pri:0, instance:SauceDemo.TestClasses.TC04VerifyMultipleProducts@6da21078]" started-at="2022-08-19T15:56:10 IST" name="VerifyMultipleProducts" finished-at="2022-08-19T15:56:10 IST" duration-ms="287" status="FAIL">
          <exception class="java.lang.IndexOutOfBoundsException">
            <message>
              <![CDATA[Index 3 out of bounds for length 3]]>
            </message>
            <full-stacktrace>
              <![CDATA[java.lang.IndexOutOfBoundsException: Index 3 out of bounds for length 3
at java.base/jdk.internal.util.Preconditions.outOfBounds(Preconditions.java:64)
at java.base/jdk.internal.util.Preconditions.outOfBoundsCheckIndex(Preconditions.java:70)
at java.base/jdk.internal.util.Preconditions.checkIndex(Preconditions.java:266)
at java.base/java.util.Objects.checkIndex(Objects.java:359)
at java.base/java.util.ArrayList.get(ArrayList.java:427)
at java.base/jdk.internal.reflect.NativeMethodAccessorImpl.invoke0(Native Method)
at java.base/jdk.internal.reflect.NativeMethodAccessorImpl.invoke(NativeMethodAccessorImpl.java:78)
at java.base/jdk.internal.reflect.DelegatingMethodAccessorImpl.invoke(DelegatingMethodAccessorImpl.java:43)
at java.base/java.lang.reflect.Method.invoke(Method.java:567)
at org.openqa.selenium.support.pagefactory.internal.LocatingElementListHandler.invoke(LocatingElementListHandler.java:39)
at jdk.proxy2/jdk.proxy2.$Proxy14.get(Unknown Source)
at SauceDemo.POMClass.HomePOMClasss.clickAllProducts(HomePOMClasss.java:78)
at SauceDemo.TestClasses.TC04VerifyMultipleProducts.VerifyMultipleProducts(TC04VerifyMultipleProducts.java:17)
at java.base/jdk.internal.reflect.NativeMethodAccessorImpl.invoke0(Native Method)
at java.base/jdk.internal.reflect.NativeMethodAccessorImpl.invoke(NativeMethodAccessorImpl.java:78)
at java.base/jdk.internal.reflect.DelegatingMethodAccessorImpl.invoke(DelegatingMethodAccessorImpl.java:43)
at java.base/java.lang.reflect.Method.invoke(Method.java:567)
at org.testng.internal.MethodInvocationHelper.invokeMethod(MethodInvocationHelper.java:133)
at org.testng.internal.TestInvoker.invokeMethod(TestInvoker.java:598)
at org.testng.internal.TestInvoker.invokeTestMethod(TestInvoker.java:173)
at org.testng.internal.MethodRunner.runInSequence(MethodRunner.java:46)
at org.testng.internal.TestInvoker$MethodInvocationAgent.invoke(TestInvoker.java:824)
at org.testng.internal.TestInvoker.invokeTestMethods(TestInvoker.java:146)
at org.testng.internal.TestMethodWorker.invokeTestMethods(TestMethodWorker.java:146)
at org.testng.internal.TestMethodWorker.run(TestMethodWorker.java:128)
at java.base/java.util.ArrayList.forEach(ArrayList.java:1511)
at org.testng.TestRunner.privateRun(TestRunner.java:794)
at org.testng.TestRunner.run(TestRunner.java:596)
at org.testng.SuiteRunner.runTest(SuiteRunner.java:377)
at org.testng.SuiteRunner.runSequentially(SuiteRunner.java:371)
at org.testng.SuiteRunner.privateRun(SuiteRunner.java:332)
at org.testng.SuiteRunner.run(SuiteRunner.java:276)
at org.testng.SuiteRunnerWorker.runSuite(SuiteRunnerWorker.java:53)
at org.testng.SuiteRunnerWorker.run(SuiteRunnerWorker.java:96)
at org.testng.TestNG.runSuitesSequentially(TestNG.java:1212)
at org.testng.TestNG.runSuitesLocally(TestNG.java:1134)
at org.testng.TestNG.runSuites(TestNG.java:1063)
at org.testng.TestNG.run(TestNG.java:1031)
at org.testng.remote.AbstractRemoteTestNG.run(AbstractRemoteTestNG.java:115)
at org.testng.remote.RemoteTestNG.initAndRun(RemoteTestNG.java:251)
at org.testng.remote.RemoteTestNG.main(RemoteTestNG.java:77)
]]>
            </full-stacktrace>
          </exception> <!-- java.lang.IndexOutOfBoundsException -->
          <reporter-output>
          </reporter-output>
        </test-method> <!-- VerifyMultipleProducts -->
        <test-method is-config="true" signature="tearDown()[pri:0, instance:SauceDemo.TestClasses.TC04VerifyMultipleProducts@6da21078]" started-at="2022-08-19T15:56:10 IST" name="tearDown" finished-at="2022-08-19T15:56:10 IST" duration-ms="104" status="PASS">
          <reporter-output>
          </reporter-output>
        </test-method> <!-- tearDown -->
      </class> <!-- SauceDemo.TestClasses.TC04VerifyMultipleProducts -->
      <class name="SauceDemo.TestClasses.TC03VerifyBagProduct">
        <test-method is-config="true" signature="SetUp(java.lang.String)[pri:0, instance:SauceDemo.TestClasses.TC03VerifyBagProduct@f736069]" started-at="2022-08-19T15:56:06 IST" name="SetUp" finished-at="2022-08-19T15:56:08 IST" duration-ms="1790" status="PASS">
          <params>
            <param index="0">
              <value>
                <![CDATA[chrome]]>
              </value>
            </param>
          </params>
          <reporter-output>
          </reporter-output>
        </test-method> <!-- SetUp -->
        <test-method signature="VerifyBagProduct()[pri:0, instance:SauceDemo.TestClasses.TC03VerifyBagProduct@f736069]" started-at="2022-08-19T15:56:08 IST" name="VerifyBagProduct" finished-at="2022-08-19T15:56:08 IST" duration-ms="262" status="PASS">
          <reporter-output>
          </reporter-output>
        </test-method> <!-- VerifyBagProduct -->
        <test-method is-config="true" signature="tearDown()[pri:0, instance:SauceDemo.TestClasses.TC03VerifyBagProduct@f736069]" started-at="2022-08-19T15:56:08 IST" name="tearDown" finished-at="2022-08-19T15:56:08 IST" duration-ms="103" status="PASS">
          <reporter-output>
          </reporter-output>
        </test-method> <!-- tearDown -->
      </class> <!-- SauceDemo.TestClasses.TC03VerifyBagProduct -->
      <class name="SauceDemo.TestClasses.TC01VerifyLoginClass">
        <test-method is-config="true" signature="SetUp(java.lang.String)[pri:0, instance:SauceDemo.TestClasses.TC01VerifyLoginClass@d29f28]" started-at="2022-08-19T15:56:01 IST" name="SetUp" finished-at="2022-08-19T15:56:03 IST" duration-ms="2194" status="PASS">
          <params>
            <param index="0">
              <value>
                <![CDATA[chrome]]>
              </value>
            </param>
          </params>
          <reporter-output>
          </reporter-output>
        </test-method> <!-- SetUp -->
        <test-method signature="verifyLogin()[pri:0, instance:SauceDemo.TestClasses.TC01VerifyLoginClass@d29f28]" started-at="2022-08-19T15:56:03 IST" name="verifyLogin" finished-at="2022-08-19T15:56:03 IST" duration-ms="20" status="PASS">
          <reporter-output>
          </reporter-output>
        </test-method> <!-- verifyLogin -->
        <test-method is-config="true" signature="tearDown()[pri:0, instance:SauceDemo.TestClasses.TC01VerifyLoginClass@d29f28]" started-at="2022-08-19T15:56:03 IST" name="tearDown" finished-at="2022-08-19T15:56:03 IST" duration-ms="172" status="PASS">
          <reporter-output>
          </reporter-output>
        </test-method> <!-- tearDown -->
      </class> <!-- SauceDemo.TestClasses.TC01VerifyLoginClass -->
      <class name="SauceDemo.TestClasses.TC02VerifyLogoutClass">
        <test-method is-config="true" signature="SetUp(java.lang.String)[pri:0, instance:SauceDemo.TestClasses.TC02VerifyLogoutClass@28f2a10f]" started-at="2022-08-19T15:56:03 IST" name="SetUp" finished-at="2022-08-19T15:56:05 IST" duration-ms="1897" status="PASS">
          <params>
            <param index="0">
              <value>
                <![CDATA[chrome]]>
              </value>
            </param>
          </params>
          <reporter-output>
          </reporter-output>
        </test-method> <!-- SetUp -->
        <test-method signature="verifyLogout()[pri:0, instance:SauceDemo.TestClasses.TC02VerifyLogoutClass@28f2a10f]" started-at="2022-08-19T15:56:05 IST" name="verifyLogout" finished-at="2022-08-19T15:56:06 IST" duration-ms="408" status="PASS">
          <reporter-output>
          </reporter-output>
        </test-method> <!-- verifyLogout -->
        <test-method is-config="true" signature="tearDown()[pri:0, instance:SauceDemo.TestClasses.TC02VerifyLogoutClass@28f2a10f]" started-at="2022-08-19T15:56:06 IST" name="tearDown" finished-at="2022-08-19T15:56:06 IST" duration-ms="101" status="PASS">
          <reporter-output>
          </reporter-output>
        </test-method> <!-- tearDown -->
      </class> <!-- SauceDemo.TestClasses.TC02VerifyLogoutClass -->
    </test> <!-- Test -->
  </suite> <!-- Suite -->
</testng-results>
